Removed Pin From Net: NetName=3V3 Pin=*-1
Removed Pin From Net: NetName=GND Pin=*-2
Removed Pin From Net: NetName=GND Pin=*-3
Removed Pin From Net: NetName=5V Pin=*-4
Removed Pin From Net: NetName=DSSCAN3V3 Pin=data1-1
Removed Pin From Net: NetName=LATSCAN3V3 Pin=data1-2
Removed Pin From Net: NetName=CLKSCAN3V3 Pin=data1-3
Removed Pin From Net: NetName=CLKREDGREEN3V3 Pin=data1-4
Removed Pin From Net: NetName=LATREDGREEN3V3 Pin=data1-5
Removed Pin From Net: NetName=DSRED3V3 Pin=data1-6
Removed Pin From Net: NetName=DSGR3V3 Pin=data1-7
Removed Pin From Net: NetName=GND Pin=data1-8
Removed Member From Class: ClassName=Sheet1 Member=*
Removed Member From Class: ClassName=Sheet1 Member=data1
Added Component: Designator=xxcasdasd(JP8)
Added Component: Designator=zxcczxc(JP2)
Added Component: Designator=zxczx(JP2)
Added Pin To Net: NetName=DSSCAN3V3 Pin=xxcasdasd-1
Added Pin To Net: NetName=LATSCAN3V3 Pin=xxcasdasd-2
Added Pin To Net: NetName=CLKSCAN3V3 Pin=xxcasdasd-3
Added Pin To Net: NetName=CLKREDGREEN3V3 Pin=xxcasdasd-4
Added Pin To Net: NetName=LATREDGREEN3V3 Pin=xxcasdasd-5
Added Pin To Net: NetName=DSRED3V3 Pin=xxcasdasd-6
Added Pin To Net: NetName=DSGR3V3 Pin=xxcasdasd-7
Added Pin To Net: NetName=GND Pin=xxcasdasd-8
Added Pin To Net: NetName=GND Pin=zxcczxc-1
Added Pin To Net: NetName=5V Pin=zxcczxc-2
Added Pin To Net: NetName=GND Pin=zxczx-1
Added Pin To Net: NetName=3V3 Pin=zxczx-2
Added Member To Class: ClassName=Sheet1 Member=Component ccccxc Res
Added Member To Class: ClassName=Sheet1 Member=Component xxcasdasd JP8 PIN
Added Member To Class: ClassName=Sheet1 Member=Component zxcczxc Jumper 2
Added Member To Class: ClassName=Sheet1 Member=Component zxczx Jumper 2
