Removed Pin From Net: NetName=Net1_3 Pin=C3-1
Removed Pin From Net: NetName=GND Pin=C3-2
Removed Pin From Net: NetName=3V3 Pin=C4-1
Removed Pin From Net: NetName=GND Pin=C4-2
Removed Pin From Net: NetName=5V Pin=C5-1
Removed Pin From Net: NetName=GND Pin=C5-2
Removed Pin From Net: NetName=INPUT1 Pin=R3-1
Removed Pin From Net: NetName=NetBC2_3 Pin=R3-2
Removed Pin From Net: NetName=INPUT2 Pin=R4-1
Removed Pin From Net: NetName=NetBC3_3 Pin=R4-2
Removed Pin From Net: NetName=INPUT3 Pin=R5-1
Removed Pin From Net: NetName=NetBC1_3 Pin=R5-2
Removed Pin From Net: NetName=INPUT4 Pin=R6-1
Removed Pin From Net: NetName=NetBC4_3 Pin=R6-2
Removed Pin From Net: NetName=INPUT5 Pin=R7-1
Removed Pin From Net: NetName=NetBC6_3 Pin=R7-2
Removed Pin From Net: NetName=INPUT6 Pin=R8-1
Removed Pin From Net: NetName=NetBC7_3 Pin=R8-2
Removed Pin From Net: NetName=INPUT7 Pin=R9-1
Removed Pin From Net: NetName=NetBC5_3 Pin=R9-2
Removed Pin From Net: NetName=INPUT8 Pin=R10-1
Removed Pin From Net: NetName=NetBC8_3 Pin=R10-2
Removed Pin From Net: NetName=LATSCAN Pin=R11-1
Removed Pin From Net: NetName=CLKSCAN Pin=R12-1
Removed Pin From Net: NetName=5V Pin=R12-2
Removed Pin From Net: NetName=DSSCAN Pin=R13-1
Removed Pin From Net: NetName=5V Pin=R13-2
Removed Pin From Net: NetName=LATSCAN3V3 Pin=R14-1
Removed Pin From Net: NetName=NetBC9_3 Pin=R14-2
Removed Pin From Net: NetName=CLKSCAN3V3 Pin=R15-1
Removed Pin From Net: NetName=NetBC10_3 Pin=R15-2
Removed Pin From Net: NetName=DSSCAN3V3 Pin=R16-1
Removed Pin From Net: NetName=NetBC11_3 Pin=R16-2
Removed Pin From Net: NetName=DSGR Pin=R17-1
Removed Pin From Net: NetName=5V Pin=R17-2
Removed Pin From Net: NetName=LATREDGREEN Pin=R18-1
Removed Pin From Net: NetName=5V Pin=R19-1
Removed Pin From Net: NetName=CLKREDGREEN Pin=R19-2
Removed Pin From Net: NetName=DSRED Pin=R20-1
Removed Pin From Net: NetName=5V Pin=R20-2
Removed Pin From Net: NetName=DSGR3V3 Pin=R21-1
Removed Pin From Net: NetName=NetBC12_3 Pin=R21-2
Removed Pin From Net: NetName=LATREDGREEN3V3 Pin=R22-1
Removed Pin From Net: NetName=NetBC13_3 Pin=R22-2
Removed Pin From Net: NetName=NetBC14_3 Pin=R23-1
Removed Pin From Net: NetName=CLKREDGREEN3V3 Pin=R23-2
Removed Pin From Net: NetName=DSRED3V3 Pin=R24-1
Removed Pin From Net: NetName=NetBC15_3 Pin=R24-2
Removed Pin From Net: NetName=GND Pin=R25-1
Removed Pin From Net: NetName=5V Pin=R25-2
Removed Pin From Net: NetName=GND Pin=R26-1
Removed Pin From Net: NetName=Net1_3 Pin=R26-2
Removed Pin From Net: NetName=GND Pin=R27-1
Removed Pin From Net: NetName=3V3 Pin=R27-2
Removed Pin From Net: NetName=GND Pin=R28-1
Removed Pin From Net: NetName=5V Pin=R28-2
Removed Member From Class: ClassName=Sheet1 Member=R23
Removed Member From Class: ClassName=Sheet1 Member=R24
Removed Member From Class: ClassName=Sheet1 Member=R25
Removed Member From Class: ClassName=Sheet1 Member=R26
Removed Member From Class: ClassName=Sheet1 Member=R27
Removed Member From Class: ClassName=Sheet1 Member=R28
Change Component DesignItemId : Designator=C3 Old DesignItemId=CP3 New DesignItemId=CN1
Change Component DesignItemId : Designator=C4 Old DesignItemId=CP3 New DesignItemId=CN1
Change Component Footprint: Designator=C3 Old Footprint=CP1.5/3.4 New Footprint=CN1
Change Component Footprint: Designator=C4 Old Footprint=CP1.5/3.4 New Footprint=CN1
Change Component Comment : Designator=C3 Old Comment=100uF/35V New Comment=100pF
Change Component Comment : Designator=C4 Old Comment=100uF/35V New Comment=100pF
Added Component: Designator=C5(CP1.5/3.4)
Added Component: Designator=C6(CN1)
Added Component: Designator=C7(CN1)
Added Component: Designator=C8(CP1/2)
Added Component: Designator=R1(R1/4W)
Added Component: Designator=R2(R1/4W)
Added Pin To Net: NetName=GND Pin=C3-1
Added Pin To Net: NetName=Net1_3 Pin=C3-2
Added Pin To Net: NetName=GND Pin=C4-1
Added Pin To Net: NetName=5V Pin=C4-2
Added Pin To Net: NetName=Net1_3 Pin=C3-1
Added Pin To Net: NetName=GND Pin=C3-2
Added Pin To Net: NetName=GND Pin=C6-1
Added Pin To Net: NetName=3V3 Pin=C6-2
Added Pin To Net: NetName=GND Pin=C7-1
Added Pin To Net: NetName=5V Pin=C7-2
Added Pin To Net: NetName=5V Pin=C8-1
Added Pin To Net: NetName=GND Pin=C8-2
Added Pin To Net: NetName=INPUT1 Pin=R1-1
Added Pin To Net: NetName=NetBC2_3 Pin=R1-2
Added Pin To Net: NetName=INPUT2 Pin=R2-1
Added Pin To Net: NetName=NetBC3_3 Pin=R2-2
Added Pin To Net: NetName=INPUT3 Pin=R3-1
Added Pin To Net: NetName=NetBC1_3 Pin=R3-2
Added Pin To Net: NetName=INPUT4 Pin=R4-1
Added Pin To Net: NetName=NetBC4_3 Pin=R4-2
Added Pin To Net: NetName=INPUT5 Pin=R5-1
Added Pin To Net: NetName=NetBC6_3 Pin=R5-2
Added Pin To Net: NetName=INPUT6 Pin=R6-1
Added Pin To Net: NetName=NetBC7_3 Pin=R6-2
Added Pin To Net: NetName=INPUT7 Pin=R7-1
Added Pin To Net: NetName=NetBC5_3 Pin=R7-2
Added Pin To Net: NetName=INPUT8 Pin=R8-1
Added Pin To Net: NetName=NetBC8_3 Pin=R8-2
Added Pin To Net: NetName=LATSCAN Pin=R9-1
Added Pin To Net: NetName=5V Pin=R9-2
Added Pin To Net: NetName=CLKSCAN Pin=R10-1
Added Pin To Net: NetName=5V Pin=R10-2
Added Pin To Net: NetName=DSSCAN Pin=R11-1
Added Pin To Net: NetName=LATSCAN3V3 Pin=R12-1
Added Pin To Net: NetName=NetBC9_3 Pin=R12-2
Added Pin To Net: NetName=CLKSCAN3V3 Pin=R13-1
Added Pin To Net: NetName=NetBC10_3 Pin=R13-2
Added Pin To Net: NetName=DSSCAN3V3 Pin=R14-1
Added Pin To Net: NetName=NetBC11_3 Pin=R14-2
Added Pin To Net: NetName=DSGR Pin=R15-1
Added Pin To Net: NetName=5V Pin=R15-2
Added Pin To Net: NetName=LATREDGREEN Pin=R16-1
Added Pin To Net: NetName=5V Pin=R16-2
Added Pin To Net: NetName=5V Pin=R17-1
Added Pin To Net: NetName=CLKREDGREEN Pin=R17-2
Added Pin To Net: NetName=DSRED Pin=R18-1
Added Pin To Net: NetName=DSGR3V3 Pin=R19-1
Added Pin To Net: NetName=NetBC12_3 Pin=R19-2
Added Pin To Net: NetName=LATREDGREEN3V3 Pin=R20-1
Added Pin To Net: NetName=NetBC13_3 Pin=R20-2
Added Pin To Net: NetName=NetBC14_3 Pin=R21-1
Added Pin To Net: NetName=CLKREDGREEN3V3 Pin=R21-2
Added Pin To Net: NetName=DSRED3V3 Pin=R22-1
Added Pin To Net: NetName=NetBC15_3 Pin=R22-2
Added Member To Class: ClassName=Sheet1 Member=Component C6 100pF
Added Member To Class: ClassName=Sheet1 Member=Component C7 100pF
Added Member To Class: ClassName=Sheet1 Member=Component C8 10uF
Added Member To Class: ClassName=Sheet1 Member=Component R1 680
Added Member To Class: ClassName=Sheet1 Member=Component R2 680
