Removed Pin From Net: NetName=INPUT1 Pin=R1-1
Removed Pin From Net: NetName=NetBC2_3 Pin=R1-2
Removed Pin From Net: NetName=INPUT2 Pin=R2-1
Removed Pin From Net: NetName=NetBC3_3 Pin=R2-2
Removed Pin From Net: NetName=INPUT3 Pin=R3-1
Removed Pin From Net: NetName=NetBC1_3 Pin=R3-2
Removed Pin From Net: NetName=INPUT4 Pin=R4-1
Removed Pin From Net: NetName=NetBC4_3 Pin=R4-2
Removed Pin From Net: NetName=INPUT5 Pin=R5-1
Removed Pin From Net: NetName=NetBC6_3 Pin=R5-2
Removed Pin From Net: NetName=INPUT6 Pin=R6-1
Removed Pin From Net: NetName=NetBC7_3 Pin=R6-2
Removed Pin From Net: NetName=INPUT7 Pin=R7-1
Removed Pin From Net: NetName=NetBC5_3 Pin=R7-2
Removed Pin From Net: NetName=INPUT8 Pin=R8-1
Removed Pin From Net: NetName=NetBC8_3 Pin=R8-2
Removed Pin From Net: NetName=LATSCAN Pin=R9-1
Removed Pin From Net: NetName=5V Pin=R9-2
Removed Pin From Net: NetName=CLKSCAN Pin=R10-1
Removed Pin From Net: NetName=5V Pin=R10-2
Removed Pin From Net: NetName=DSSCAN Pin=R11-1
Removed Pin From Net: NetName=NetBC9_3 Pin=R12-1
Removed Pin From Net: NetName=LATSCAN3V3 Pin=R12-2
Removed Pin From Net: NetName=NetBC10_3 Pin=R13-1
Removed Pin From Net: NetName=CLKSCAN3V3 Pin=R13-2
Removed Pin From Net: NetName=NetBC11_3 Pin=R14-1
Removed Pin From Net: NetName=DSSCAN3V3 Pin=R14-2
Removed Pin From Net: NetName=DSGR Pin=R15-1
Removed Pin From Net: NetName=5V Pin=R15-2
Removed Pin From Net: NetName=LATREDGREEN Pin=R16-1
Removed Pin From Net: NetName=5V Pin=R16-2
Removed Pin From Net: NetName=CLKREDGREEN Pin=R17-1
Removed Pin From Net: NetName=DSRED Pin=R18-1
Removed Pin From Net: NetName=NetBC12_3 Pin=R19-1
Removed Pin From Net: NetName=DSGR3V3 Pin=R19-2
Removed Pin From Net: NetName=NetBC13_3 Pin=R20-1
Removed Pin From Net: NetName=LATREDGREEN3V3 Pin=R20-2
Removed Pin From Net: NetName=NetBC14_3 Pin=R21-1
Removed Pin From Net: NetName=CLKREDGREEN3V3 Pin=R21-2
Removed Pin From Net: NetName=NetBC15_3 Pin=R22-1
Removed Pin From Net: NetName=DSRED3V3 Pin=R22-2
Removed Pin From Net: NetName=5V Pin=R23-1
Removed Pin From Net: NetName=GND Pin=R23-2
Removed Pin From Net: NetName=GND Pin=R24-1
Removed Pin From Net: NetName=Net1_3 Pin=R24-2
Removed Pin From Net: NetName=3V3 Pin=R25-1
Removed Pin From Net: NetName=GND Pin=R25-2
Removed Pin From Net: NetName=5V Pin=R26-2
Removed Member From Class: ClassName=Sheet1 Member=R1
Removed Member From Class: ClassName=Sheet1 Member=R2
Change Component DesignItemId : Designator=R3 Old DesignItemId=R New DesignItemId=R1/4W
Change Component DesignItemId : Designator=R4 Old DesignItemId=R New DesignItemId=R1/4W
Change Component DesignItemId : Designator=R5 Old DesignItemId=R New DesignItemId=R1/4W
Change Component DesignItemId : Designator=R6 Old DesignItemId=R New DesignItemId=R1/4W
Change Component DesignItemId : Designator=R7 Old DesignItemId=R New DesignItemId=R1/4W
Change Component DesignItemId : Designator=R8 Old DesignItemId=R New DesignItemId=R1/4W
Change Component DesignItemId : Designator=R9 Old DesignItemId=R New DesignItemId=R1/4W
Change Component DesignItemId : Designator=R10 Old DesignItemId=R New DesignItemId=R1/4W
Change Component DesignItemId : Designator=R11 Old DesignItemId=R New DesignItemId=R1/4W
Change Component DesignItemId : Designator=R12 Old DesignItemId=R New DesignItemId=R1/4W
Change Component DesignItemId : Designator=R13 Old DesignItemId=R New DesignItemId=R1/4W
Change Component DesignItemId : Designator=R14 Old DesignItemId=R New DesignItemId=R1/4W
Change Component DesignItemId : Designator=R15 Old DesignItemId=R New DesignItemId=R1/4W
Change Component DesignItemId : Designator=R16 Old DesignItemId=R New DesignItemId=R1/4W
Change Component DesignItemId : Designator=R17 Old DesignItemId=R New DesignItemId=R1/4W
Change Component DesignItemId : Designator=R18 Old DesignItemId=R New DesignItemId=R1/4W
Change Component DesignItemId : Designator=R19 Old DesignItemId=R New DesignItemId=R1/4W
Change Component DesignItemId : Designator=R20 Old DesignItemId=R New DesignItemId=R1/4W
Change Component DesignItemId : Designator=R21 Old DesignItemId=R New DesignItemId=R1/4W
Change Component DesignItemId : Designator=R22 Old DesignItemId=R New DesignItemId=R1/4W
Change Component DesignItemId : Designator=R23 Old DesignItemId=R New DesignItemId=R1/4W
Change Component DesignItemId : Designator=R24 Old DesignItemId=R New DesignItemId=R1/4W
Change Component DesignItemId : Designator=R25 Old DesignItemId=R New DesignItemId=R1/4W
Change Component DesignItemId : Designator=R26 Old DesignItemId=R New DesignItemId=R1/4W
Change Component Footprint: Designator=R3 Old Footprint=SM-RES-1206 New Footprint=R1/4W
Change Component Footprint: Designator=R4 Old Footprint=SM-RES-1206 New Footprint=R1/4W
Change Component Footprint: Designator=R5 Old Footprint=SM-RES-1206 New Footprint=R1/4W
Change Component Footprint: Designator=R6 Old Footprint=SM-RES-1206 New Footprint=R1/4W
Change Component Footprint: Designator=R7 Old Footprint=SM-RES-1206 New Footprint=R1/4W
Change Component Footprint: Designator=R8 Old Footprint=SM-RES-1206 New Footprint=R1/4W
Change Component Footprint: Designator=R9 Old Footprint=SM-RES-1206 New Footprint=R1/4W
Change Component Footprint: Designator=R10 Old Footprint=SM-RES-1206 New Footprint=R1/4W
Change Component Footprint: Designator=R11 Old Footprint=SM-RES-1206 New Footprint=R1/4W
Change Component Footprint: Designator=R12 Old Footprint=SM-RES-1206 New Footprint=R1/4W
Change Component Footprint: Designator=R13 Old Footprint=SM-RES-1206 New Footprint=R1/4W
Change Component Footprint: Designator=R14 Old Footprint=SM-RES-1206 New Footprint=R1/4W
Change Component Footprint: Designator=R15 Old Footprint=SM-RES-1206 New Footprint=R1/4W
Change Component Footprint: Designator=R16 Old Footprint=SM-RES-1206 New Footprint=R1/4W
Change Component Footprint: Designator=R17 Old Footprint=SM-RES-1206 New Footprint=R1/4W
Change Component Footprint: Designator=R18 Old Footprint=SM-RES-1206 New Footprint=R1/4W
Change Component Footprint: Designator=R19 Old Footprint=SM-RES-1206 New Footprint=R1/4W
Change Component Footprint: Designator=R20 Old Footprint=SM-RES-1206 New Footprint=R1/4W
Change Component Footprint: Designator=R21 Old Footprint=SM-RES-1206 New Footprint=R1/4W
Change Component Footprint: Designator=R22 Old Footprint=SM-RES-1206 New Footprint=R1/4W
Change Component Footprint: Designator=R23 Old Footprint=SM-RES-1206 New Footprint=R1/4W
Change Component Footprint: Designator=R24 Old Footprint=SM-RES-1206 New Footprint=R1/4W
Change Component Footprint: Designator=R25 Old Footprint=SM-RES-1206 New Footprint=R1/4W
Change Component Footprint: Designator=R26 Old Footprint=SM-RES-1206 New Footprint=R1/4W
Change Component Designator: OldDesignator=C2 NewDesignator=C3
Change Component Designator: OldDesignator=C3 NewDesignator=C2
Change Component Designator: OldDesignator=C4 NewDesignator=C5
Change Component Designator: OldDesignator=C5 NewDesignator=C4
Added Component: Designator=R27(R1/4W)
Added Component: Designator=R28(R1/4W)
Added Pin To Net: NetName=INPUT1 Pin=R3-1
Added Pin To Net: NetName=NetBC2_3 Pin=R3-2
Added Pin To Net: NetName=INPUT2 Pin=R4-1
Added Pin To Net: NetName=NetBC3_3 Pin=R4-2
Added Pin To Net: NetName=INPUT3 Pin=R5-1
Added Pin To Net: NetName=NetBC1_3 Pin=R5-2
Added Pin To Net: NetName=INPUT4 Pin=R6-1
Added Pin To Net: NetName=NetBC4_3 Pin=R6-2
Added Pin To Net: NetName=INPUT5 Pin=R7-1
Added Pin To Net: NetName=NetBC6_3 Pin=R7-2
Added Pin To Net: NetName=INPUT6 Pin=R8-1
Added Pin To Net: NetName=NetBC7_3 Pin=R8-2
Added Pin To Net: NetName=INPUT7 Pin=R9-1
Added Pin To Net: NetName=NetBC5_3 Pin=R9-2
Added Pin To Net: NetName=INPUT8 Pin=R10-1
Added Pin To Net: NetName=NetBC8_3 Pin=R10-2
Added Pin To Net: NetName=LATSCAN Pin=R11-1
Added Pin To Net: NetName=CLKSCAN Pin=R12-1
Added Pin To Net: NetName=5V Pin=R12-2
Added Pin To Net: NetName=DSSCAN Pin=R13-1
Added Pin To Net: NetName=5V Pin=R13-2
Added Pin To Net: NetName=LATSCAN3V3 Pin=R14-1
Added Pin To Net: NetName=NetBC9_3 Pin=R14-2
Added Pin To Net: NetName=CLKSCAN3V3 Pin=R15-1
Added Pin To Net: NetName=NetBC10_3 Pin=R15-2
Added Pin To Net: NetName=DSSCAN3V3 Pin=R16-1
Added Pin To Net: NetName=NetBC11_3 Pin=R16-2
Added Pin To Net: NetName=DSGR Pin=R17-1
Added Pin To Net: NetName=LATREDGREEN Pin=R18-1
Added Pin To Net: NetName=5V Pin=R19-1
Added Pin To Net: NetName=CLKREDGREEN Pin=R19-2
Added Pin To Net: NetName=DSRED Pin=R20-1
Added Pin To Net: NetName=5V Pin=R20-2
Added Pin To Net: NetName=DSGR3V3 Pin=R21-1
Added Pin To Net: NetName=NetBC12_3 Pin=R21-2
Added Pin To Net: NetName=LATREDGREEN3V3 Pin=R22-1
Added Pin To Net: NetName=NetBC13_3 Pin=R22-2
Added Pin To Net: NetName=NetBC14_3 Pin=R23-1
Added Pin To Net: NetName=CLKREDGREEN3V3 Pin=R23-2
Added Pin To Net: NetName=DSRED3V3 Pin=R24-1
Added Pin To Net: NetName=NetBC15_3 Pin=R24-2
Added Pin To Net: NetName=GND Pin=R25-1
Added Pin To Net: NetName=5V Pin=R25-2
Added Pin To Net: NetName=Net1_3 Pin=R26-2
Added Pin To Net: NetName=GND Pin=R27-1
Added Pin To Net: NetName=3V3 Pin=R27-2
Added Pin To Net: NetName=GND Pin=R28-1
Added Pin To Net: NetName=5V Pin=R28-2
Added Member To Class: ClassName=Sheet1 Member=Component BC11 A1015
Added Member To Class: ClassName=Sheet1 Member=Component R27 680
Added Member To Class: ClassName=Sheet1 Member=Component R28 680
