Removed Pin From Net: NetName=GND Pin=3-1
Removed Pin From Net: NetName=5V Pin=3-2
Removed Pin From Net: NetName=GND Pin=4-1
Removed Pin From Net: NetName=3V3 Pin=4-2
Removed Pin From Net: NetName=5V Pin=BC1-1
Removed Pin From Net: NetName=ROW3 Pin=BC1-2
Removed Pin From Net: NetName=5V Pin=BC2-1
Removed Pin From Net: NetName=ROW1 Pin=BC2-2
Removed Pin From Net: NetName=5V Pin=BC3-1
Removed Pin From Net: NetName=ROW2 Pin=BC3-2
Removed Pin From Net: NetName=5V Pin=BC4-1
Removed Pin From Net: NetName=ROW4 Pin=BC4-2
Removed Pin From Net: NetName=5V Pin=BC5-1
Removed Pin From Net: NetName=ROW7 Pin=BC5-2
Removed Pin From Net: NetName=5V Pin=BC6-1
Removed Pin From Net: NetName=ROW5 Pin=BC6-2
Removed Pin From Net: NetName=5V Pin=BC7-1
Removed Pin From Net: NetName=ROW6 Pin=BC7-2
Removed Pin From Net: NetName=5V Pin=BC8-1
Removed Pin From Net: NetName=ROW8 Pin=BC8-2
Removed Pin From Net: NetName=INPUT1 Pin=R3-1
Removed Pin From Net: NetName=NetBC2_3 Pin=R3-2
Removed Pin From Net: NetName=INPUT2 Pin=R4-1
Removed Pin From Net: NetName=NetBC3_3 Pin=R4-2
Removed Pin From Net: NetName=INPUT3 Pin=R5-1
Removed Pin From Net: NetName=NetBC1_3 Pin=R5-2
Removed Pin From Net: NetName=INPUT4 Pin=R6-1
Removed Pin From Net: NetName=NetBC4_3 Pin=R6-2
Removed Pin From Net: NetName=INPUT5 Pin=R7-1
Removed Pin From Net: NetName=NetBC6_3 Pin=R7-2
Removed Pin From Net: NetName=INPUT6 Pin=R8-1
Removed Pin From Net: NetName=NetBC7_3 Pin=R8-2
Removed Pin From Net: NetName=INPUT7 Pin=R9-1
Removed Pin From Net: NetName=INPUT8 Pin=R10-1
Removed Member From Class: ClassName=Sheet1 Member=3
Removed Member From Class: ClassName=Sheet1 Member=4
Removed Member From Class: ClassName=Sheet1 Member=R3
Removed Member From Class: ClassName=Sheet1 Member=R4
Removed Member From Class: ClassName=Sheet1 Member=R5
Removed Member From Class: ClassName=Sheet1 Member=R6
Removed Member From Class: ClassName=Sheet1 Member=R7
Removed Member From Class: ClassName=Sheet1 Member=R8
Removed Member From Class: ClassName=Sheet1 Member=R9
Removed Member From Class: ClassName=Sheet1 Member=R10
Added Component: Designator=*(JP4)
Added Component: Designator=asa(R1/4W)
Added Component: Designator=asdascR10(R1/4W)
Added Component: Designator=asdca(R1/4W)
Added Component: Designator=asdcs(R1/4W)
Added Component: Designator=asR4(R1/4W)
Added Component: Designator=ccc(R1/4W)
Added Component: Designator=czxcv(R1/4W)
Added Component: Designator=dfdfd(R1/4W)
Added Component: Designator=dfsdc(R1/4W)
Added Component: Designator=dsdd(R1/4W)
Added Component: Designator=fsdfsdf(R1/4W)
Added Component: Designator=sadR6(R1/4W)
Added Component: Designator=sdfsv(R1/4W)
Added Component: Designator=ssR5(R1/4W)
Added Component: Designator=xcxcx(R1/4W)
Added Component: Designator=zxcv(R1/4W)
Added Pin To Net: NetName=3V3 Pin=*-1
Added Pin To Net: NetName=GND Pin=*-2
Added Pin To Net: NetName=GND Pin=*-3
Added Pin To Net: NetName=5V Pin=*-4
Added Pin To Net: NetName=ROW3 Pin=asa-1
Added Pin To Net: NetName=5V Pin=asa-2
Added Pin To Net: NetName=INPUT8 Pin=asdascR10-1
Added Pin To Net: NetName=ROW8 Pin=asdca-1
Added Pin To Net: NetName=5V Pin=asdca-2
Added Pin To Net: NetName=INPUT7 Pin=asdcs-1
Added Pin To Net: NetName=ROW4 Pin=asR4-1
Added Pin To Net: NetName=5V Pin=asR4-2
Added Pin To Net: NetName=ROW3 Pin=BC1-1
Added Pin To Net: NetName=GND Pin=BC1-2
Added Pin To Net: NetName=ROW1 Pin=BC2-1
Added Pin To Net: NetName=GND Pin=BC2-2
Added Pin To Net: NetName=ROW2 Pin=BC3-1
Added Pin To Net: NetName=GND Pin=BC3-2
Added Pin To Net: NetName=ROW4 Pin=BC4-1
Added Pin To Net: NetName=GND Pin=BC4-2
Added Pin To Net: NetName=ROW7 Pin=BC5-1
Added Pin To Net: NetName=GND Pin=BC5-2
Added Pin To Net: NetName=ROW5 Pin=BC6-1
Added Pin To Net: NetName=GND Pin=BC6-2
Added Pin To Net: NetName=ROW6 Pin=BC7-1
Added Pin To Net: NetName=GND Pin=BC7-2
Added Pin To Net: NetName=ROW8 Pin=BC8-1
Added Pin To Net: NetName=GND Pin=BC8-2
Added Pin To Net: NetName=ROW1 Pin=ccc-1
Added Pin To Net: NetName=5V Pin=ccc-2
Added Pin To Net: NetName=ROW7 Pin=czxcv-1
Added Pin To Net: NetName=5V Pin=czxcv-2
Added Pin To Net: NetName=INPUT1 Pin=dfdfd-1
Added Pin To Net: NetName=NetBC2_3 Pin=dfdfd-2
Added Pin To Net: NetName=ROW5 Pin=dfsdc-1
Added Pin To Net: NetName=5V Pin=dfsdc-2
Added Pin To Net: NetName=INPUT2 Pin=dsdd-1
Added Pin To Net: NetName=NetBC3_3 Pin=dsdd-2
Added Pin To Net: NetName=ROW6 Pin=fsdfsdf-1
Added Pin To Net: NetName=5V Pin=fsdfsdf-2
Added Pin To Net: NetName=INPUT4 Pin=sadR6-1
Added Pin To Net: NetName=NetBC4_3 Pin=sadR6-2
Added Pin To Net: NetName=INPUT6 Pin=sdfsv-1
Added Pin To Net: NetName=NetBC7_3 Pin=sdfsv-2
Added Pin To Net: NetName=INPUT3 Pin=ssR5-1
Added Pin To Net: NetName=NetBC1_3 Pin=ssR5-2
Added Pin To Net: NetName=ROW2 Pin=xcxcx-1
Added Pin To Net: NetName=5V Pin=xcxcx-2
Added Pin To Net: NetName=INPUT5 Pin=zxcv-1
Added Pin To Net: NetName=NetBC6_3 Pin=zxcv-2
Added Pin To Net: NetName=NetasdascR10_2 Pin=asdascR10-2
Added Pin To Net: NetName=NetasdascR10_2 Pin=BC8-3
Added Net: Name=NetasdascR10_2
Added Pin To Net: NetName=Netasdcs_2 Pin=asdcs-2
Added Pin To Net: NetName=Netasdcs_2 Pin=BC5-3
Added Net: Name=Netasdcs_2
Added Member To Class: ClassName=Sheet1 Member=Component * JP4
Added Member To Class: ClassName=Sheet1 Member=Component 455 100pF
Added Member To Class: ClassName=Sheet1 Member=Component asa 680
Added Member To Class: ClassName=Sheet1 Member=Component asdascR10 680
Added Member To Class: ClassName=Sheet1 Member=Component asdca 680
Added Member To Class: ClassName=Sheet1 Member=Component asdcs 680
Added Member To Class: ClassName=Sheet1 Member=Component asR4 680
Added Member To Class: ClassName=Sheet1 Member=Component ccc 680
Added Member To Class: ClassName=Sheet1 Member=Component czxcv 680
Added Member To Class: ClassName=Sheet1 Member=Component dfdfd 680
Added Member To Class: ClassName=Sheet1 Member=Component dfsdc 680
Added Member To Class: ClassName=Sheet1 Member=Component dsdd 680
Added Member To Class: ClassName=Sheet1 Member=Component fsdfsdf 680
Added Member To Class: ClassName=Sheet1 Member=Component sadR6 680
Added Member To Class: ClassName=Sheet1 Member=Component sdfsv 680
Added Member To Class: ClassName=Sheet1 Member=Component ssR5 680
Added Member To Class: ClassName=Sheet1 Member=Component xcxcx 680
Added Member To Class: ClassName=Sheet1 Member=Component zxcv 680
