Removed Pin From Net: NetName=NetBC1_3 Pin=BC1-3
Removed Pin From Net: NetName=NetBC2_3 Pin=BC2-3
Removed Pin From Net: NetName=NetBC3_3 Pin=BC3-3
Removed Pin From Net: NetName=NetBC4_3 Pin=BC4-3
Removed Pin From Net: NetName=NetBC9_3 Pin=BC9-3
Removed Pin From Net: NetName=DSSCAN Pin=R3-1
Removed Pin From Net: NetName=5V Pin=R3-2
Removed Pin From Net: NetName=LATSCAN3V3 Pin=R4-1
Removed Pin From Net: NetName=NetBC1_3 Pin=R4-2
Removed Pin From Net: NetName=CLKSCAN3V3 Pin=R5-1
Removed Pin From Net: NetName=NetBC2_3 Pin=R5-2
Removed Pin From Net: NetName=DSSCAN3V3 Pin=R6-1
Removed Pin From Net: NetName=NetBC3_3 Pin=R6-2
Removed Pin From Net: NetName=ROW1 Pin=R7-1
Removed Pin From Net: NetName=5V Pin=R7-2
Removed Pin From Net: NetName=ROW2 Pin=R8-1
Removed Pin From Net: NetName=5V Pin=R8-2
Removed Pin From Net: NetName=ROW3 Pin=R9-1
Removed Pin From Net: NetName=5V Pin=R9-2
Removed Pin From Net: NetName=ROW4 Pin=R10-1
Removed Pin From Net: NetName=5V Pin=R10-2
Removed Pin From Net: NetName=INPUT1 Pin=R11-1
Removed Pin From Net: NetName=INPUT2 Pin=R12-1
Removed Pin From Net: NetName=INPUT3 Pin=R13-1
Removed Pin From Net: NetName=NetBC4_3 Pin=R13-2
Removed Pin From Net: NetName=INPUT4 Pin=R14-1
Removed Pin From Net: NetName=DSGR Pin=R15-1
Removed Pin From Net: NetName=5V Pin=R15-2
Removed Pin From Net: NetName=LATREDGREEN Pin=R16-1
Removed Pin From Net: NetName=5V Pin=R16-2
Removed Pin From Net: NetName=5V Pin=R17-1
Removed Pin From Net: NetName=CLKREDGREEN Pin=R17-2
Removed Pin From Net: NetName=DSRED Pin=R18-1
Removed Pin From Net: NetName=ROW5 Pin=R19-1
Removed Pin From Net: NetName=5V Pin=R19-2
Removed Pin From Net: NetName=ROW6 Pin=R20-1
Removed Pin From Net: NetName=ROW7 Pin=R21-1
Removed Pin From Net: NetName=5V Pin=R21-2
Removed Pin From Net: NetName=ROW8 Pin=R22-1
Removed Pin From Net: NetName=5V Pin=R22-2
Removed Pin From Net: NetName=DSGR3V3 Pin=R23-1
Removed Pin From Net: NetName=LATREDGREEN3V3 Pin=R24-1
Removed Pin From Net: NetName=NetBC9_3 Pin=R24-2
Removed Member From Class: ClassName=Sheet1 Member=R11
Removed Member From Class: ClassName=Sheet1 Member=R12
Removed Member From Class: ClassName=Sheet1 Member=R25
Removed Member From Class: ClassName=Sheet1 Member=R26
Removed Member From Class: ClassName=Sheet1 Member=R27
Removed Member From Class: ClassName=Sheet1 Member=R28
Removed Member From Class: ClassName=Sheet1 Member=R29
Removed Member From Class: ClassName=Sheet1 Member=R30
Change Component Designator: OldDesignator=*1 NewDesignator=*
Change Component Designator: OldDesignator=1 NewDesignator=2
Change Component Designator: OldDesignator=2 NewDesignator=1
Change Component Designator: OldDesignator=3 NewDesignator=455
Change Component Designator: OldDesignator=4 NewDesignator=444
Change Component Designator: OldDesignator=5 NewDesignator=43
Change Component Designator: OldDesignator=6 NewDesignator=3332
Change Component Designator: OldDesignator=7 NewDesignator=1
Change Component Designator: OldDesignator=8 NewDesignator=22
Change Component Designator: OldDesignator=BC1 NewDesignator=BC9
Change Component Designator: OldDesignator=BC2 NewDesignator=BC10
Change Component Designator: OldDesignator=BC3 NewDesignator=BC11
Change Component Designator: OldDesignator=BC4 NewDesignator=BC1
Change Component Designator: OldDesignator=BC5 NewDesignator=BC2
Change Component Designator: OldDesignator=BC6 NewDesignator=BC3
Change Component Designator: OldDesignator=BC7 NewDesignator=BC4
Change Component Designator: OldDesignator=BC8 NewDesignator=BC12
Change Component Designator: OldDesignator=BC9 NewDesignator=BC13
Change Component Designator: OldDesignator=BC10 NewDesignator=BC14
Change Component Designator: OldDesignator=BC11 NewDesignator=BC15
Change Component Designator: OldDesignator=BC12 NewDesignator=BC5
Change Component Designator: OldDesignator=BC13 NewDesignator=BC6
Change Component Designator: OldDesignator=BC14 NewDesignator=BC7
Change Component Designator: OldDesignator=BC15 NewDesignator=BC8
Change Component Designator: OldDesignator=C2 NewDesignator=C3
Change Component Designator: OldDesignator=R1 NewDesignator=R11
Change Component Designator: OldDesignator=R2 NewDesignator=R12
Change Component Designator: OldDesignator=R25 NewDesignator=R23
Change Component Designator: OldDesignator=R26 NewDesignator=R24
Change Component Designator: OldDesignator=R27 NewDesignator=R7
Change Component Designator: OldDesignator=R28 NewDesignator=R8
Change Component Designator: OldDesignator=R29 NewDesignator=R9
Change Component Designator: OldDesignator=R30 NewDesignator=R10
Added Component: Designator=R3(R1/4W)
Added Component: Designator=R4(R1/4W)
Added Component: Designator=R4(R1/4W)
Added Component: Designator=R4(R1/4W)
Added Component: Designator=R4(R1/4W)
Added Component: Designator=R4(R1/4W)
Added Component: Designator=R4(R1/4W)
Added Component: Designator=R4(R1/4W)
Added Pin To Net: NetName=NetBC1_3 Pin=BC1-3
Added Pin To Net: NetName=NetBC2_3 Pin=BC2-3
Added Pin To Net: NetName=NetBC3_3 Pin=BC3-3
Added Pin To Net: NetName=NetBC4_3 Pin=BC4-3
Added Pin To Net: NetName=NetBC9_3 Pin=BC9-3
Added Pin To Net: NetName=INPUT1 Pin=R3-1
Added Pin To Net: NetName=ROW1 Pin=R3-1
Added Pin To Net: NetName=5V Pin=R3-2
Added Pin To Net: NetName=NetBC2_3 Pin=R3-2
Added Pin To Net: NetName=INPUT2 Pin=R4-1
Added Pin To Net: NetName=ROW2 Pin=R4-1
Added Pin To Net: NetName=ROW3 Pin=R4-1
Added Pin To Net: NetName=ROW4 Pin=R4-1
Added Pin To Net: NetName=ROW5 Pin=R4-1
Added Pin To Net: NetName=ROW6 Pin=R4-1
Added Pin To Net: NetName=ROW7 Pin=R4-1
Added Pin To Net: NetName=ROW8 Pin=R4-1
Added Pin To Net: NetName=5V Pin=R4-2
Added Pin To Net: NetName=5V Pin=R4-2
Added Pin To Net: NetName=5V Pin=R4-2
Added Pin To Net: NetName=5V Pin=R4-2
Added Pin To Net: NetName=5V Pin=R4-2
Added Pin To Net: NetName=5V Pin=R4-2
Added Pin To Net: NetName=5V Pin=R4-2
Added Pin To Net: NetName=NetBC3_3 Pin=R4-2
Added Pin To Net: NetName=INPUT3 Pin=R5-1
Added Pin To Net: NetName=NetBC1_3 Pin=R5-2
Added Pin To Net: NetName=INPUT4 Pin=R6-1
Added Pin To Net: NetName=NetBC4_3 Pin=R6-2
Added Pin To Net: NetName=DSSCAN Pin=R13-1
Added Pin To Net: NetName=5V Pin=R13-2
Added Pin To Net: NetName=LATSCAN3V3 Pin=R14-1
Added Pin To Net: NetName=NetBC9_3 Pin=R14-2
Added Pin To Net: NetName=CLKSCAN3V3 Pin=R15-1
Added Pin To Net: NetName=DSSCAN3V3 Pin=R16-1
Added Pin To Net: NetName=DSGR Pin=R17-1
Added Pin To Net: NetName=5V Pin=R17-2
Added Pin To Net: NetName=LATREDGREEN Pin=R18-1
Added Pin To Net: NetName=5V Pin=R19-1
Added Pin To Net: NetName=CLKREDGREEN Pin=R19-2
Added Pin To Net: NetName=DSRED Pin=R20-1
Added Pin To Net: NetName=DSGR3V3 Pin=R21-1
Added Pin To Net: NetName=LATREDGREEN3V3 Pin=R22-1
Change Net Name : Old Net Name=NetBC10_3 New Net Name=NetBC14_3
Change Net Name : Old Net Name=NetBC11_3 New Net Name=NetBC15_3
Change Net Name : Old Net Name=NetBC12_3 New Net Name=NetBC5_3
Change Net Name : Old Net Name=NetBC13_3 New Net Name=NetBC6_3
Change Net Name : Old Net Name=NetBC14_3 New Net Name=NetBC7_3
Change Net Name : Old Net Name=NetBC15_3 New Net Name=NetBC8_3
Added Pin To Net: NetName=NetBC10_3 Pin=BC10-3
Added Pin To Net: NetName=NetBC10_3 Pin=R15-2
Added Net: Name=NetBC10_3
Added Pin To Net: NetName=NetBC11_3 Pin=BC11-3
Added Pin To Net: NetName=NetBC11_3 Pin=R16-2
Added Net: Name=NetBC11_3
Added Pin To Net: NetName=NetBC12_3 Pin=BC12-3
Added Pin To Net: NetName=NetBC12_3 Pin=R21-2
Added Net: Name=NetBC12_3
Added Pin To Net: NetName=NetBC13_3 Pin=BC13-3
Added Pin To Net: NetName=NetBC13_3 Pin=R22-2
Added Net: Name=NetBC13_3
Added Member To Class: ClassName=Sheet1 Member=Component 455 100pF
