Removed Pin From Net: NetName=3V3 Pin=C4-1
Removed Pin From Net: NetName=GND Pin=C4-2
Removed Pin From Net: NetName=5V Pin=C5-1
Removed Pin From Net: NetName=GND Pin=C5-2
Removed Pin From Net: NetName=GND Pin=R25-1
Removed Pin From Net: NetName=5V Pin=R25-2
Removed Pin From Net: NetName=GND Pin=R26-1
Removed Pin From Net: NetName=Net1_3 Pin=R26-2
Removed Pin From Net: NetName=GND Pin=R27-1
Removed Pin From Net: NetName=3V3 Pin=R27-2
Removed Pin From Net: NetName=GND Pin=R28-1
Removed Pin From Net: NetName=5V Pin=R28-2
Removed Member From Class: ClassName=Sheet1 Member=C4
Added Component: Designator=C?(CN1)
Added Component: Designator=C?(CN1)
Added Component: Designator=C?(CN1)
Added Component: Designator=C?(CN1)
Added Component: Designator=C?(CP1/2)
Added Pin To Net: NetName=5V Pin=C?-1
Added Pin To Net: NetName=GND Pin=C?-1
Added Pin To Net: NetName=GND Pin=C?-1
Added Pin To Net: NetName=GND Pin=C?-1
Added Pin To Net: NetName=GND Pin=C?-1
Added Pin To Net: NetName=3V3 Pin=C?-2
Added Pin To Net: NetName=5V Pin=C?-2
Added Pin To Net: NetName=5V Pin=C?-2
Added Pin To Net: NetName=GND Pin=C?-2
Added Pin To Net: NetName=Net1_3 Pin=C?-2
Added Member To Class: ClassName=Sheet1 Member=Component C? 100pF
Added Member To Class: ClassName=Sheet1 Member=Component R23 680
Added Member To Class: ClassName=Sheet1 Member=Component R24 680
