Added Component: Designator=1(SOT223-4N)
Added Component: Designator=2(SOT223-4N)
Added Component: Designator=3(JP2-C1T)
Added Component: Designator=4(JP2-C1T)
Added Component: Designator=bat1(JP2-C1T)
Added Component: Designator=C2(CP1.5/3.4)
Added Component: Designator=C3(CP1.5/3.4)
Added Component: Designator=C4(CP1.5/3.4)
Added Component: Designator=C5(CP1.5/3.4)
Added Component: Designator=data1(JP8-D1C)
Added Component: Designator=R23(SM-RES-1206)
Added Component: Designator=R24(SM-RES-1206)
Added Component: Designator=R25(SM-RES-1206)
Added Component: Designator=R26(SM-RES-1206)
Added Pin To Net: NetName=GND Pin=1-1
Added Pin To Net: NetName=5V Pin=1-2
Added Pin To Net: NetName=GND Pin=2-1
Added Pin To Net: NetName=5V Pin=2-3
Added Pin To Net: NetName=GND Pin=3-1
Added Pin To Net: NetName=5V Pin=3-2
Added Pin To Net: NetName=GND Pin=4-1
Added Pin To Net: NetName=GND Pin=bat1-1
Added Pin To Net: NetName=GND Pin=C2-2
Added Pin To Net: NetName=5V Pin=C3-1
Added Pin To Net: NetName=GND Pin=C3-2
Added Pin To Net: NetName=5V Pin=C4-1
Added Pin To Net: NetName=GND Pin=C4-2
Added Pin To Net: NetName=GND Pin=C5-2
Added Pin To Net: NetName=GND Pin=data1-1
Added Pin To Net: NetName=DSRED3V3 Pin=data1-2
Added Pin To Net: NetName=DSGR3V3 Pin=data1-3
Added Pin To Net: NetName=LATREDGREEN3V3 Pin=data1-4
Added Pin To Net: NetName=CLKREDGREEN3V3 Pin=data1-5
Added Pin To Net: NetName=LATSCAN3V3 Pin=data1-6
Added Pin To Net: NetName=CLKSCAN3V3 Pin=data1-7
Added Pin To Net: NetName=DSSCAN3V3 Pin=data1-8
Added Pin To Net: NetName=5V Pin=IC1-10
Added Pin To Net: NetName=5V Pin=IC1-16
Added Pin To Net: NetName=5V Pin=R23-1
Added Pin To Net: NetName=GND Pin=R23-2
Added Pin To Net: NetName=GND Pin=R24-1
Added Pin To Net: NetName=GND Pin=R25-2
Added Pin To Net: NetName=GND Pin=R26-1
Added Pin To Net: NetName=5V Pin=R26-2
Added Pin To Net: NetName=3V3 Pin=2-2
Added Pin To Net: NetName=3V3 Pin=4-2
Added Pin To Net: NetName=3V3 Pin=C5-1
Added Pin To Net: NetName=3V3 Pin=R25-1
Added Net: Name=3V3
Added Pin To Net: NetName=Net1_3 Pin=1-3
Added Pin To Net: NetName=Net1_3 Pin=C2-1
Added Pin To Net: NetName=Net1_3 Pin=R24-2
Added Net: Name=Net1_3
Added Pin To Net: NetName=POWER Pin=bat1-2
Added Net: Name=POWER
Added Member To Class: ClassName=Sheet1 Member=Component 1 LM1117
Added Member To Class: ClassName=Sheet1 Member=Component 2 LM1117
Added Member To Class: ClassName=Sheet1 Member=Component 3 JP2
Added Member To Class: ClassName=Sheet1 Member=Component 4 JP2
Added Member To Class: ClassName=Sheet1 Member=Component bat1 JP2
Added Member To Class: ClassName=Sheet1 Member=Component C2 100uF/35V
Added Member To Class: ClassName=Sheet1 Member=Component C3 100uF/35V
Added Member To Class: ClassName=Sheet1 Member=Component C4 100uF/35V
Added Member To Class: ClassName=Sheet1 Member=Component C5 100uF/35V
Added Member To Class: ClassName=Sheet1 Member=Component data1 JP8
Added Member To Class: ClassName=Sheet1 Member=Component R23 680
Added Member To Class: ClassName=Sheet1 Member=Component R24 680
Added Member To Class: ClassName=Sheet1 Member=Component R25 680
Added Member To Class: ClassName=Sheet1 Member=Component R26 680
