Removed Pin From Net: NetName=GND Pin=3-1
Removed Pin From Net: NetName=5V Pin=3-2
Removed Pin From Net: NetName=GND Pin=4-1
Removed Pin From Net: NetName=3V3 Pin=4-2
Removed Pin From Net: NetName=5V Pin=BC1-1
Removed Pin From Net: NetName=ROW3 Pin=BC1-2
Removed Pin From Net: NetName=NetBC1_3 Pin=BC1-3
Removed Pin From Net: NetName=5V Pin=BC2-1
Removed Pin From Net: NetName=ROW1 Pin=BC2-2
Removed Pin From Net: NetName=NetBC2_3 Pin=BC2-3
Removed Pin From Net: NetName=5V Pin=BC3-1
Removed Pin From Net: NetName=ROW2 Pin=BC3-2
Removed Pin From Net: NetName=NetBC3_3 Pin=BC3-3
Removed Pin From Net: NetName=5V Pin=BC4-1
Removed Pin From Net: NetName=ROW4 Pin=BC4-2
Removed Pin From Net: NetName=NetBC4_3 Pin=BC4-3
Removed Pin From Net: NetName=5V Pin=BC5-1
Removed Pin From Net: NetName=ROW7 Pin=BC5-2
Removed Pin From Net: NetName=NetBC5_3 Pin=BC5-3
Removed Pin From Net: NetName=5V Pin=BC6-1
Removed Pin From Net: NetName=ROW5 Pin=BC6-2
Removed Pin From Net: NetName=NetBC6_3 Pin=BC6-3
Removed Pin From Net: NetName=5V Pin=BC7-1
Removed Pin From Net: NetName=ROW6 Pin=BC7-2
Removed Pin From Net: NetName=NetBC7_3 Pin=BC7-3
Removed Pin From Net: NetName=5V Pin=BC8-1
Removed Pin From Net: NetName=ROW8 Pin=BC8-2
Removed Pin From Net: NetName=NetBC8_3 Pin=BC8-3
Removed Pin From Net: NetName=NetBC9_3 Pin=BC9-3
Removed Pin From Net: NetName=NetBC10_3 Pin=BC10-3
Removed Pin From Net: NetName=NetBC11_3 Pin=BC11-3
Removed Pin From Net: NetName=NetBC12_3 Pin=BC12-3
Removed Pin From Net: NetName=NetBC13_3 Pin=BC13-3
Removed Pin From Net: NetName=NetBC14_3 Pin=BC14-3
Removed Pin From Net: NetName=NetBC15_3 Pin=BC15-3
Removed Pin From Net: NetName=INPUT1 Pin=R3-1
Removed Pin From Net: NetName=NetBC2_3 Pin=R3-2
Removed Pin From Net: NetName=INPUT2 Pin=R4-1
Removed Pin From Net: NetName=NetBC3_3 Pin=R4-2
Removed Pin From Net: NetName=INPUT3 Pin=R5-1
Removed Pin From Net: NetName=NetBC1_3 Pin=R5-2
Removed Pin From Net: NetName=INPUT4 Pin=R6-1
Removed Pin From Net: NetName=NetBC4_3 Pin=R6-2
Removed Pin From Net: NetName=INPUT5 Pin=R7-1
Removed Pin From Net: NetName=NetBC6_3 Pin=R7-2
Removed Pin From Net: NetName=INPUT6 Pin=R8-1
Removed Pin From Net: NetName=NetBC7_3 Pin=R8-2
Removed Pin From Net: NetName=INPUT7 Pin=R9-1
Removed Pin From Net: NetName=NetBC5_3 Pin=R9-2
Removed Pin From Net: NetName=INPUT8 Pin=R10-1
Removed Pin From Net: NetName=NetBC8_3 Pin=R10-2
Removed Pin From Net: NetName=LATSCAN Pin=R11-1
Removed Pin From Net: NetName=5V Pin=R11-2
Removed Pin From Net: NetName=CLKSCAN Pin=R12-1
Removed Pin From Net: NetName=5V Pin=R12-2
Removed Pin From Net: NetName=DSSCAN Pin=R13-1
Removed Pin From Net: NetName=5V Pin=R13-2
Removed Pin From Net: NetName=LATSCAN3V3 Pin=R14-1
Removed Pin From Net: NetName=NetBC9_3 Pin=R14-2
Removed Pin From Net: NetName=CLKSCAN3V3 Pin=R15-1
Removed Pin From Net: NetName=NetBC10_3 Pin=R15-2
Removed Pin From Net: NetName=DSSCAN3V3 Pin=R16-1
Removed Pin From Net: NetName=NetBC11_3 Pin=R16-2
Removed Pin From Net: NetName=DSGR Pin=R17-1
Removed Pin From Net: NetName=5V Pin=R17-2
Removed Pin From Net: NetName=LATREDGREEN Pin=R18-1
Removed Pin From Net: NetName=5V Pin=R19-1
Removed Pin From Net: NetName=CLKREDGREEN Pin=R19-2
Removed Pin From Net: NetName=DSRED Pin=R20-1
Removed Pin From Net: NetName=DSGR3V3 Pin=R21-1
Removed Pin From Net: NetName=NetBC12_3 Pin=R21-2
Removed Pin From Net: NetName=LATREDGREEN3V3 Pin=R22-1
Removed Pin From Net: NetName=NetBC13_3 Pin=R22-2
Removed Pin From Net: NetName=NetBC14_3 Pin=R23-1
Removed Pin From Net: NetName=CLKREDGREEN3V3 Pin=R23-2
Removed Pin From Net: NetName=DSRED3V3 Pin=R24-1
Removed Pin From Net: NetName=NetBC15_3 Pin=R24-2
Removed Member From Class: ClassName=Sheet1 Member=444
Removed Member From Class: ClassName=Sheet1 Member=455
Change Component Designator: OldDesignator=1 NewDesignator=2
Change Component Designator: OldDesignator=1 NewDesignator=7
Change Component Designator: OldDesignator=2 NewDesignator=1
Change Component Designator: OldDesignator=22 NewDesignator=8
Change Component Designator: OldDesignator=43 NewDesignator=5
Change Component Designator: OldDesignator=444 NewDesignator=4
Change Component Designator: OldDesignator=455 NewDesignator=3
Change Component Designator: OldDesignator=3332 NewDesignator=6
Change Component Designator: OldDesignator=BC1 NewDesignator=BC4
Change Component Designator: OldDesignator=BC2 NewDesignator=BC5
Change Component Designator: OldDesignator=BC3 NewDesignator=BC6
Change Component Designator: OldDesignator=BC4 NewDesignator=BC7
Change Component Designator: OldDesignator=BC5 NewDesignator=BC12
Change Component Designator: OldDesignator=BC6 NewDesignator=BC13
Change Component Designator: OldDesignator=BC7 NewDesignator=BC14
Change Component Designator: OldDesignator=BC8 NewDesignator=BC15
Change Component Designator: OldDesignator=BC9 NewDesignator=BC1
Change Component Designator: OldDesignator=BC10 NewDesignator=BC2
Change Component Designator: OldDesignator=BC11 NewDesignator=BC3
Change Component Designator: OldDesignator=BC12 NewDesignator=BC8
Change Component Designator: OldDesignator=BC13 NewDesignator=BC9
Change Component Designator: OldDesignator=BC14 NewDesignator=BC10
Change Component Designator: OldDesignator=BC15 NewDesignator=BC11
Change Component Designator: OldDesignator=C3 NewDesignator=C2
Added Component: Designator=*1(JP4)
Added Component: Designator=R1(R1/4W)
Added Component: Designator=R2(R1/4W)
Added Component: Designator=R25(R1/4W)
Added Component: Designator=R26(R1/4W)
Added Component: Designator=R27(R1/4W)
Added Component: Designator=R28(R1/4W)
Added Component: Designator=R29(R1/4W)
Added Component: Designator=R30(R1/4W)
Added Pin To Net: NetName=3V3 Pin=*1-1
Added Pin To Net: NetName=GND Pin=*1-2
Added Pin To Net: NetName=GND Pin=*1-3
Added Pin To Net: NetName=5V Pin=*1-4
Added Pin To Net: NetName=NetBC1_3 Pin=BC1-3
Added Pin To Net: NetName=NetBC2_3 Pin=BC2-3
Added Pin To Net: NetName=NetBC3_3 Pin=BC3-3
Added Pin To Net: NetName=ROW3 Pin=BC4-1
Added Pin To Net: NetName=GND Pin=BC4-2
Added Pin To Net: NetName=NetBC4_3 Pin=BC4-3
Added Pin To Net: NetName=ROW1 Pin=BC5-1
Added Pin To Net: NetName=GND Pin=BC5-2
Added Pin To Net: NetName=NetBC5_3 Pin=BC5-3
Added Pin To Net: NetName=ROW2 Pin=BC6-1
Added Pin To Net: NetName=GND Pin=BC6-2
Added Pin To Net: NetName=NetBC6_3 Pin=BC6-3
Added Pin To Net: NetName=ROW4 Pin=BC7-1
Added Pin To Net: NetName=GND Pin=BC7-2
Added Pin To Net: NetName=NetBC7_3 Pin=BC7-3
Added Pin To Net: NetName=NetBC8_3 Pin=BC8-3
Added Pin To Net: NetName=NetBC9_3 Pin=BC9-3
Added Pin To Net: NetName=NetBC10_3 Pin=BC10-3
Added Pin To Net: NetName=NetBC11_3 Pin=BC11-3
Added Pin To Net: NetName=ROW7 Pin=BC12-1
Added Pin To Net: NetName=GND Pin=BC12-2
Added Pin To Net: NetName=NetBC12_3 Pin=BC12-3
Added Pin To Net: NetName=ROW5 Pin=BC13-1
Added Pin To Net: NetName=GND Pin=BC13-2
Added Pin To Net: NetName=NetBC13_3 Pin=BC13-3
Added Pin To Net: NetName=ROW6 Pin=BC14-1
Added Pin To Net: NetName=GND Pin=BC14-2
Added Pin To Net: NetName=NetBC14_3 Pin=BC14-3
Added Pin To Net: NetName=ROW8 Pin=BC15-1
Added Pin To Net: NetName=GND Pin=BC15-2
Added Pin To Net: NetName=NetBC15_3 Pin=BC15-3
Added Pin To Net: NetName=LATSCAN Pin=R1-1
Added Pin To Net: NetName=5V Pin=R1-2
Added Pin To Net: NetName=CLKSCAN Pin=R2-1
Added Pin To Net: NetName=5V Pin=R2-2
Added Pin To Net: NetName=DSSCAN Pin=R3-1
Added Pin To Net: NetName=5V Pin=R3-2
Added Pin To Net: NetName=LATSCAN3V3 Pin=R4-1
Added Pin To Net: NetName=NetBC1_3 Pin=R4-2
Added Pin To Net: NetName=CLKSCAN3V3 Pin=R5-1
Added Pin To Net: NetName=NetBC2_3 Pin=R5-2
Added Pin To Net: NetName=DSSCAN3V3 Pin=R6-1
Added Pin To Net: NetName=NetBC3_3 Pin=R6-2
Added Pin To Net: NetName=ROW1 Pin=R7-1
Added Pin To Net: NetName=5V Pin=R7-2
Added Pin To Net: NetName=ROW2 Pin=R8-1
Added Pin To Net: NetName=5V Pin=R8-2
Added Pin To Net: NetName=ROW3 Pin=R9-1
Added Pin To Net: NetName=5V Pin=R9-2
Added Pin To Net: NetName=ROW4 Pin=R10-1
Added Pin To Net: NetName=5V Pin=R10-2
Added Pin To Net: NetName=INPUT1 Pin=R11-1
Added Pin To Net: NetName=NetBC5_3 Pin=R11-2
Added Pin To Net: NetName=INPUT2 Pin=R12-1
Added Pin To Net: NetName=NetBC6_3 Pin=R12-2
Added Pin To Net: NetName=INPUT3 Pin=R13-1
Added Pin To Net: NetName=NetBC4_3 Pin=R13-2
Added Pin To Net: NetName=INPUT4 Pin=R14-1
Added Pin To Net: NetName=NetBC7_3 Pin=R14-2
Added Pin To Net: NetName=DSGR Pin=R15-1
Added Pin To Net: NetName=5V Pin=R15-2
Added Pin To Net: NetName=LATREDGREEN Pin=R16-1
Added Pin To Net: NetName=5V Pin=R16-2
Added Pin To Net: NetName=5V Pin=R17-1
Added Pin To Net: NetName=CLKREDGREEN Pin=R17-2
Added Pin To Net: NetName=DSRED Pin=R18-1
Added Pin To Net: NetName=ROW5 Pin=R19-1
Added Pin To Net: NetName=5V Pin=R19-2
Added Pin To Net: NetName=ROW6 Pin=R20-1
Added Pin To Net: NetName=ROW7 Pin=R21-1
Added Pin To Net: NetName=5V Pin=R21-2
Added Pin To Net: NetName=ROW8 Pin=R22-1
Added Pin To Net: NetName=5V Pin=R22-2
Added Pin To Net: NetName=DSGR3V3 Pin=R23-1
Added Pin To Net: NetName=NetBC8_3 Pin=R23-2
Added Pin To Net: NetName=LATREDGREEN3V3 Pin=R24-1
Added Pin To Net: NetName=NetBC9_3 Pin=R24-2
Added Pin To Net: NetName=NetBC10_3 Pin=R25-1
Added Pin To Net: NetName=CLKREDGREEN3V3 Pin=R25-2
Added Pin To Net: NetName=DSRED3V3 Pin=R26-1
Added Pin To Net: NetName=NetBC11_3 Pin=R26-2
Added Pin To Net: NetName=INPUT5 Pin=R27-1
Added Pin To Net: NetName=NetBC13_3 Pin=R27-2
Added Pin To Net: NetName=INPUT6 Pin=R28-1
Added Pin To Net: NetName=NetBC14_3 Pin=R28-2
Added Pin To Net: NetName=INPUT7 Pin=R29-1
Added Pin To Net: NetName=NetBC12_3 Pin=R29-2
Added Pin To Net: NetName=INPUT8 Pin=R30-1
Added Pin To Net: NetName=NetBC15_3 Pin=R30-2
Added Member To Class: ClassName=Sheet1 Member=Component *1 JP4
Added Member To Class: ClassName=Sheet1 Member=Component 7 100pF
Added Member To Class: ClassName=Sheet1 Member=Component R1 680
Added Member To Class: ClassName=Sheet1 Member=Component R2 680
Added Member To Class: ClassName=Sheet1 Member=Component R25 680
Added Member To Class: ClassName=Sheet1 Member=Component R26 680
Added Member To Class: ClassName=Sheet1 Member=Component R27 680
Added Member To Class: ClassName=Sheet1 Member=Component R28 680
Added Member To Class: ClassName=Sheet1 Member=Component R29 680
Added Member To Class: ClassName=Sheet1 Member=Component R30 680
