Removed Pin From Net: NetName=INPUT5 Pin=aczxasda-2
Removed Pin From Net: NetName=NetBC2_3 Pin=ccccxc-1
Removed Pin From Net: NetName=Netccccxc_1 Pin=ccccxc-1
Removed Pin From Net: NetName=INPUT4 Pin=ccccxc-2
Removed Pin From Net: NetName=INPUT8 Pin=ccccxc-2
Removed Pin From Net: NetName=Netccccxc_2 Pin=ccccxc-2
Removed Pin From Net: NetName=NetBC4_3 Pin=qweqd-1
Removed Pin From Net: NetName=NetBC1_3 Pin=sdasdq-1
Removed Pin From Net: NetName=NetBC8_3 Pin=www-1
Removed Pin From Net: NetName=Netccccxc_1 Pin=www-2
Removed Pin From Net: NetName=Netaczxasda_1 Pin=xczcxzxc-2
Removed Pin From Net: NetName=Netccccxc_2 Pin=xxzsa-1
Removed Pin From Net: NetName=INPUT1 Pin=xxzsa-2
Removed Pin From Net: NetName=NetBC5_3 Pin=xzcasdasdq-1
Removed Pin From Net: NetName=NetBC7_3 Pin=zczxczasasd-1
Removed Pin From Net: NetName=INPUT2 Pin=zq1da-2
Removed Pin From Net: NetName=INPUT6 Pin=zxcasdac-2
Removed Pin From Net: NetName=INPUT7 Pin=zxcq1dc-2
Removed Pin From Net: NetName=NetBC3_3 Pin=zxczczxc-1
Removed Pin From Net: NetName=INPUT3 Pin=zxqq1-2
Added Pin To Net: NetName=Netaczxasda_1 Pin=BC6-3
Added Pin To Net: NetName=NetBC4_3 Pin=ccccxc-1
Added Pin To Net: NetName=NetBC8_3 Pin=ccccxc-1
Added Pin To Net: NetName=Netccccxc_1 Pin=ccccxc-1
Added Pin To Net: NetName=INPUT1 Pin=ccccxc-2
Added Pin To Net: NetName=Netccccxc_2 Pin=ccccxc-2
Added Pin To Net: NetName=Netccccxc_2 Pin=qweqd-1
Added Pin To Net: NetName=INPUT4 Pin=qweqd-2
Added Pin To Net: NetName=INPUT3 Pin=sdasdq-2
Added Pin To Net: NetName=INPUT8 Pin=www-2
Added Pin To Net: NetName=INPUT5 Pin=xczcxzxc-2
Added Pin To Net: NetName=NetBC2_3 Pin=xxzsa-1
Added Pin To Net: NetName=Netccccxc_1 Pin=xxzsa-2
Added Pin To Net: NetName=INPUT7 Pin=xzcasdasdq-2
Added Pin To Net: NetName=INPUT6 Pin=zczxczasasd-2
Added Pin To Net: NetName=NetBC3_3 Pin=zq1da-1
Added Pin To Net: NetName=NetBC7_3 Pin=zxcasdac-1
Added Pin To Net: NetName=NetBC5_3 Pin=zxcq1dc-1
Added Pin To Net: NetName=INPUT2 Pin=zxczczxc-2
Added Pin To Net: NetName=NetBC1_3 Pin=zxqq1-1
Added Pin To Net: NetName=Netaczxasda_2 Pin=aczxasda-2
Added Pin To Net: NetName=Netaczxasda_2 Pin=xczcxzxc-1
Added Net: Name=Netaczxasda_2
Added Pin To Net: NetName=Netsdasdq_1 Pin=sdasdq-1
Added Pin To Net: NetName=Netsdasdq_1 Pin=zxqq1-2
Added Net: Name=Netsdasdq_1
Added Pin To Net: NetName=Netxzcasdasdq_1 Pin=xzcasdasdq-1
Added Pin To Net: NetName=Netxzcasdasdq_1 Pin=zxcq1dc-2
Added Net: Name=Netxzcasdasdq_1
Added Pin To Net: NetName=Netzczxczasasd_1 Pin=zczxczasasd-1
Added Pin To Net: NetName=Netzczxczasasd_1 Pin=zxcasdac-2
Added Net: Name=Netzczxczasasd_1
Added Pin To Net: NetName=Netzq1da_2 Pin=zq1da-2
Added Pin To Net: NetName=Netzq1da_2 Pin=zxczczxc-1
Added Net: Name=Netzq1da_2
