Added Component: Designator=BC1(SOT23B)
Added Component: Designator=BC2(SOT23B)
Added Component: Designator=BC3(SOT23B)
Added Component: Designator=BC4(SOT23B)
Added Component: Designator=BC5(SOT23B)
Added Component: Designator=BC6(SOT23B)
Added Component: Designator=BC7(SOT23B)
Added Component: Designator=BC8(SOT23B)
Added Component: Designator=C?(JP8-D2T)
Added Component: Designator=IC?(SO16)
Added Component: Designator=R1(SM-RES-1206)
Added Component: Designator=R2(SM-RES-1206)
Added Component: Designator=R3(SM-RES-1206)
Added Component: Designator=R4(SM-RES-1206)
Added Component: Designator=R5(SM-RES-1206)
Added Component: Designator=R6(SM-RES-1206)
Added Component: Designator=R7(SM-RES-1206)
Added Component: Designator=R8(SM-RES-1206)
Added Pin To Net: NetName=5V Pin=BC1-1
Added Pin To Net: NetName=5V Pin=BC2-1
Added Pin To Net: NetName=5V Pin=BC3-1
Added Pin To Net: NetName=5V Pin=BC4-1
Added Pin To Net: NetName=5V Pin=BC5-1
Added Pin To Net: NetName=5V Pin=BC6-1
Added Pin To Net: NetName=5V Pin=BC7-1
Added Pin To Net: NetName=5V Pin=BC8-1
Added Net: Name=5V
Added Pin To Net: NetName=GND Pin=IC?-8
Added Pin To Net: NetName=GND Pin=IC?-13
Added Net: Name=GND
Added Pin To Net: NetName=INPUT1 Pin=IC?-15
Added Pin To Net: NetName=INPUT1 Pin=R1-1
Added Net: Name=INPUT1
Added Pin To Net: NetName=INPUT2 Pin=IC?-1
Added Pin To Net: NetName=INPUT2 Pin=R2-1
Added Net: Name=INPUT2
Added Pin To Net: NetName=INPUT3 Pin=IC?-2
Added Pin To Net: NetName=INPUT3 Pin=R3-1
Added Net: Name=INPUT3
Added Pin To Net: NetName=INPUT4 Pin=IC?-3
Added Pin To Net: NetName=INPUT4 Pin=R4-1
Added Net: Name=INPUT4
Added Pin To Net: NetName=INPUT5 Pin=IC?-4
Added Pin To Net: NetName=INPUT5 Pin=R5-1
Added Net: Name=INPUT5
Added Pin To Net: NetName=INPUT6 Pin=IC?-5
Added Pin To Net: NetName=INPUT6 Pin=R6-1
Added Net: Name=INPUT6
Added Pin To Net: NetName=INPUT7 Pin=IC?-6
Added Pin To Net: NetName=INPUT7 Pin=R7-1
Added Net: Name=INPUT7
Added Pin To Net: NetName=INPUT8 Pin=IC?-7
Added Pin To Net: NetName=INPUT8 Pin=R8-1
Added Net: Name=INPUT8
Added Pin To Net: NetName=NetBC1_3 Pin=BC1-3
Added Pin To Net: NetName=NetBC1_3 Pin=R3-2
Added Net: Name=NetBC1_3
Added Pin To Net: NetName=NetBC2_3 Pin=BC2-3
Added Pin To Net: NetName=NetBC2_3 Pin=R1-2
Added Net: Name=NetBC2_3
Added Pin To Net: NetName=NetBC3_3 Pin=BC3-3
Added Pin To Net: NetName=NetBC3_3 Pin=R2-2
Added Net: Name=NetBC3_3
Added Pin To Net: NetName=NetBC4_3 Pin=BC4-3
Added Pin To Net: NetName=NetBC4_3 Pin=R4-2
Added Net: Name=NetBC4_3
Added Pin To Net: NetName=NetBC5_3 Pin=BC5-3
Added Pin To Net: NetName=NetBC5_3 Pin=R7-2
Added Net: Name=NetBC5_3
Added Pin To Net: NetName=NetBC6_3 Pin=BC6-3
Added Pin To Net: NetName=NetBC6_3 Pin=R5-2
Added Net: Name=NetBC6_3
Added Pin To Net: NetName=NetBC7_3 Pin=BC7-3
Added Pin To Net: NetName=NetBC7_3 Pin=R6-2
Added Net: Name=NetBC7_3
Added Pin To Net: NetName=NetBC8_3 Pin=BC8-3
Added Pin To Net: NetName=NetBC8_3 Pin=R8-2
Added Net: Name=NetBC8_3
Added Pin To Net: NetName=ROW1 Pin=BC2-2
Added Pin To Net: NetName=ROW1 Pin=C?-1
Added Pin To Net: NetName=ROW1 Pin=C?-16
Added Net: Name=ROW1
Added Pin To Net: NetName=ROW2 Pin=BC3-2
Added Pin To Net: NetName=ROW2 Pin=C?-2
Added Pin To Net: NetName=ROW2 Pin=C?-15
Added Net: Name=ROW2
Added Pin To Net: NetName=ROW3 Pin=BC1-2
Added Pin To Net: NetName=ROW3 Pin=C?-3
Added Pin To Net: NetName=ROW3 Pin=C?-14
Added Net: Name=ROW3
Added Pin To Net: NetName=ROW4 Pin=BC4-2
Added Pin To Net: NetName=ROW4 Pin=C?-4
Added Pin To Net: NetName=ROW4 Pin=C?-13
Added Net: Name=ROW4
Added Pin To Net: NetName=ROW5 Pin=BC6-2
Added Pin To Net: NetName=ROW5 Pin=C?-5
Added Pin To Net: NetName=ROW5 Pin=C?-12
Added Net: Name=ROW5
Added Pin To Net: NetName=ROW6 Pin=BC7-2
Added Pin To Net: NetName=ROW6 Pin=C?-6
Added Pin To Net: NetName=ROW6 Pin=C?-11
Added Net: Name=ROW6
Added Pin To Net: NetName=ROW7 Pin=BC5-2
Added Pin To Net: NetName=ROW7 Pin=C?-7
Added Pin To Net: NetName=ROW7 Pin=C?-10
Added Net: Name=ROW7
Added Pin To Net: NetName=ROW8 Pin=BC8-2
Added Pin To Net: NetName=ROW8 Pin=C?-8
Added Pin To Net: NetName=ROW8 Pin=C?-9
Added Net: Name=ROW8
Added Pin To Net: NetName=VCC Pin=IC?-10
Added Pin To Net: NetName=VCC Pin=IC?-16
Added Net: Name=VCC
Added Class: Name=Sheet1
Added Room: Name=Sheet1
