Change Component Designator: Old Designator=* New Designator=*1
Change Component Designator: Old Designator=1 New Designator=2
Change Component Designator: Old Designator=1 New Designator=7
Change Component Designator: Old Designator=2 New Designator=1
Change Component Designator: Old Designator=22 New Designator=8
Change Component Designator: Old Designator=43 New Designator=5
Change Component Designator: Old Designator=444 New Designator=4
Change Component Designator: Old Designator=455 New Designator=3
Change Component Designator: Old Designator=3332 New Designator=6
Change Component Designator: Old Designator=BC1 New Designator=BC4
Change Component Designator: Old Designator=BC2 New Designator=BC5
Change Component Designator: Old Designator=BC3 New Designator=BC6
Change Component Designator: Old Designator=BC4 New Designator=BC7
Change Component Designator: Old Designator=BC5 New Designator=BC12
Change Component Designator: Old Designator=BC6 New Designator=BC13
Change Component Designator: Old Designator=BC7 New Designator=BC14
Change Component Designator: Old Designator=BC8 New Designator=BC15
Change Component Designator: Old Designator=BC9 New Designator=BC1
Change Component Designator: Old Designator=BC10 New Designator=BC2
Change Component Designator: Old Designator=BC11 New Designator=BC3
Change Component Designator: Old Designator=BC12 New Designator=BC8
Change Component Designator: Old Designator=BC13 New Designator=BC9
Change Component Designator: Old Designator=BC14 New Designator=BC10
Change Component Designator: Old Designator=BC15 New Designator=BC11
Change Component Designator: Old Designator=C3 New Designator=C2
Change Component Designator: Old Designator=R3 New Designator=R7
Change Component Designator: Old Designator=R3 New Designator=R11
Change Component Designator: Old Designator=R4 New Designator=R8
Change Component Designator: Old Designator=R4 New Designator=R9
Change Component Designator: Old Designator=R4 New Designator=R10
Change Component Designator: Old Designator=R4 New Designator=R12
Change Component Designator: Old Designator=R4 New Designator=R19
Change Component Designator: Old Designator=R4 New Designator=R20
Change Component Designator: Old Designator=R4 New Designator=R21
Change Component Designator: Old Designator=R4 New Designator=R22
Change Component Designator: Old Designator=R5 New Designator=R13
Change Component Designator: Old Designator=R6 New Designator=R14
Change Component Designator: Old Designator=R7 New Designator=R27
Change Component Designator: Old Designator=R8 New Designator=R28
Change Component Designator: Old Designator=R9 New Designator=R29
Change Component Designator: Old Designator=R10 New Designator=R30
Change Component Designator: Old Designator=R11 New Designator=R1
Change Component Designator: Old Designator=R12 New Designator=R2
Change Component Designator: Old Designator=R13 New Designator=R3
Change Component Designator: Old Designator=R14 New Designator=R4
Change Component Designator: Old Designator=R15 New Designator=R5
Change Component Designator: Old Designator=R16 New Designator=R6
Change Component Designator: Old Designator=R17 New Designator=R15
Change Component Designator: Old Designator=R18 New Designator=R16
Change Component Designator: Old Designator=R19 New Designator=R17
Change Component Designator: Old Designator=R20 New Designator=R18
Change Component Designator: Old Designator=R21 New Designator=R23
Change Component Designator: Old Designator=R22 New Designator=R24
Change Component Designator: Old Designator=R23 New Designator=R25
Change Component Designator: Old Designator=R24 New Designator=R26
